<?xml version="1.0" encoding="UTF-8"?>
<!-- Generated by org.testng.reporters.JUnitReportReporter -->
<testsuite hostname="LTIN297324" failures="0" tests="1" name="com.mygroup.MyTests" time="6.356" errors="0" timestamp="2025-07-28T23:17:19 IST" skipped="0">
  <testcase classname="com.mygroup.MyTests" name="sampleTest" time="6.356"/>
</testsuite> <!-- com.mygroup.MyTests -->
