<?xml version="1.0" encoding="UTF-8"?>
<!-- Generated by org.testng.reporters.JUnitReportReporter -->
<testsuite hostname="LTIN297324" failures="0" tests="1" name="MyTests" time="0.002" errors="0" timestamp="2025-07-28T20:54:44 IST" skipped="0">
  <testcase classname="MyTests" name="sampleTest" time="0.002"/>
</testsuite> <!-- MyTests -->
